<?xml version="1.0" encoding="UTF-8"?>
<!-- Generated by org.testng.reporters.JUnitReportReporter -->
<testsuite hostname="Priyanki-PC" name="Testcases.VerifyHomePage" tests="1" failures="0" timestamp="8 Oct 2017 07:01:51 GMT" time="36.205" errors="0">
  <testcase name="testHomePage" time="36.205" classname="Testcases.VerifyHomePage"/>
</testsuite> <!-- Testcases.VerifyHomePage -->
